Col 1: Raw="Nome", Norm="Nome"
Col 2: Raw="Curso", Norm="Curso"
Col 3: Raw="Data de conclusão", Norm="Data de Conclusão"
Col 4: Raw="Carga Horária", Norm="Carga Horária"
Col 5: Raw="CPF", Norm="CPF"
Col 6: Raw="Conteudo do curso", Norm="Conteudo do curso"
Col 1: Raw="Nome", Norm="Nome"
Col 2: Raw="Curso", Norm="Curso"
Col 3: Raw="Data de conclusão", Norm="Data de Conclusão"
Col 4: Raw="Carga Horária", Norm="Carga Horária"
Col 5: Raw="CPF", Norm="CPF"
Col 6: Raw="Conteudo do curso", Norm="Conteudo do curso"
Col 1: Raw="Nome", Norm="Nome"
Col 2: Raw="Curso", Norm="Curso"
Col 3: Raw="Data de conclusão", Norm="Data de Conclusão"
Col 4: Raw="Carga Horária", Norm="Carga Horária"
Col 5: Raw="CPF", Norm="CPF"
Col 6: Raw="Conteudo do curso", Norm="Conteudo do curso"
Col 1: Raw="Nome", Norm="Nome"
Col 2: Raw="Curso", Norm="Curso"
Col 3: Raw="Data de conclusão", Norm="Data de Conclusão"
Col 4: Raw="Carga Horária", Norm="Carga Horária"
Col 5: Raw="CPF", Norm="CPF"
Col 1: Raw="Nome", Norm="Nome"
Col 2: Raw="Curso", Norm="Curso"
Col 3: Raw="Data de conclusão", Norm="Data de Conclusão"
Col 4: Raw="Carga Horária", Norm="Carga Horária"
Col 5: Raw="CPF", Norm="CPF"
Col 1: Raw="Nome", Norm="Nome"
Col 2: Raw="Curso", Norm="Curso"
Col 3: Raw="Data de conclusão", Norm="Data de Conclusão"
Col 4: Raw="Carga Horária", Norm="Carga Horária"
Col 5: Raw="CPF", Norm="CPF"
Col 1: Raw="Nome", Norm="Nome"
Col 2: Raw="Curso", Norm="Curso"
Col 3: Raw="Data de conclusão", Norm="Data de Conclusão"
Col 4: Raw="Carga Horária", Norm="Carga Horária"
Col 5: Raw="CPF", Norm="CPF"
Col 1: Raw="Nome", Norm="Nome"
Col 2: Raw="Curso", Norm="Curso"
Col 3: Raw="Data de conclusão", Norm="Data de Conclusão"
Col 4: Raw="Carga Horária", Norm="Carga Horária"
Col 5: Raw="CPF", Norm="CPF"
Col 1: Raw="Nome", Norm="Nome"
Col 2: Raw="Curso", Norm="Curso"
Col 3: Raw="Data de conclusão", Norm="Data de Conclusão"
Col 4: Raw="Carga Horária", Norm="Carga Horária"
Col 5: Raw="CPF", Norm="CPF"
Col 1: Raw="Nome", Norm="Nome"
Col 2: Raw="Curso", Norm="Curso"
Col 3: Raw="Data de conclusão", Norm="Data de Conclusão"
Col 4: Raw="Carga Horária", Norm="Carga Horária"
Col 5: Raw="CPF", Norm="CPF"
Col 1: Raw="Nome", Norm="Nome"
Col 2: Raw="Curso", Norm="Curso"
Col 3: Raw="Data de conclusão", Norm="Data de Conclusão"
Col 4: Raw="Carga Horária", Norm="Carga Horária"
Col 5: Raw="CPF", Norm="CPF"
Col 1: Raw="Nome", Norm="Nome"
Col 2: Raw="Curso", Norm="Curso"
Col 3: Raw="Data de conclusão", Norm="Data de Conclusão"
Col 4: Raw="Carga Horária", Norm="Carga Horária"
Col 5: Raw="CPF", Norm="CPF"
Col 1: Raw="Nome", Norm="Nome"
Col 2: Raw="Curso", Norm="Curso"
Col 3: Raw="Data de conclusão", Norm="Data de Conclusão"
Col 4: Raw="Carga Horária", Norm="Carga Horária"
Col 5: Raw="CPF", Norm="CPF"
Col 1: Raw="Nome", Norm="Nome"
Col 2: Raw="Curso", Norm="Curso"
Col 3: Raw="Data de conclusão", Norm="Data de Conclusão"
Col 4: Raw="Carga Horária", Norm="Carga Horária"
Col 5: Raw="CPF", Norm="CPF"
Col 1: Raw="Nome", Norm="Nome"
Col 2: Raw="Curso", Norm="Curso"
Col 3: Raw="Data de conclusão", Norm="Data de Conclusão"
Col 4: Raw="Carga Horária", Norm="Carga Horária"
Col 5: Raw="CPF", Norm="CPF"
Col 1: Raw="Nome", Norm="Nome"
Col 2: Raw="Curso", Norm="Curso"
Col 3: Raw="Data de conclusão", Norm="Data de Conclusão"
Col 4: Raw="Carga Horária", Norm="Carga Horária"
Col 5: Raw="CPF", Norm="CPF"
